<?xml version="1.0" encoding="UTF-8"?>
<testng-results skipped="0" failed="0" ignored="0" total="1" passed="1">
  <reporter-output>
  </reporter-output>
  <suite name="Default suite" duration-ms="31697" started-at="2020-07-11T15:42:49Z" finished-at="2020-07-11T15:43:21Z">
    <groups>
    </groups>
    <test name="Default test" duration-ms="31697" started-at="2020-07-11T15:42:49Z" finished-at="2020-07-11T15:43:21Z">
      <class name="codes.pom.testngcases.TestNopComLoginPage">
        <test-method status="PASS" signature="setup()[pri:0, instance:codes.pom.testngcases.TestNopComLoginPage@3b2da18f]" name="setup" is-config="true" duration-ms="10749" started-at="2020-07-11T21:12:49Z" finished-at="2020-07-11T21:13:00Z">
          <reporter-output>
          </reporter-output>
        </test-method> <!-- setup -->
        <test-method status="PASS" signature="testLogin()[pri:0, instance:codes.pom.testngcases.TestNopComLoginPage@3b2da18f]" name="testLogin" duration-ms="20061" started-at="2020-07-11T21:13:00Z" finished-at="2020-07-11T21:13:20Z">
          <reporter-output>
          </reporter-output>
        </test-method> <!-- testLogin -->
        <test-method status="PASS" signature="tearDown()[pri:0, instance:codes.pom.testngcases.TestNopComLoginPage@3b2da18f]" name="tearDown" is-config="true" duration-ms="822" started-at="2020-07-11T21:13:20Z" finished-at="2020-07-11T21:13:21Z">
          <reporter-output>
          </reporter-output>
        </test-method> <!-- tearDown -->
      </class> <!-- codes.pom.testngcases.TestNopComLoginPage -->
    </test> <!-- Default test -->
  </suite> <!-- Default suite -->
</testng-results>
